

Z:\Users\vmaxthunder\Library\Application Support\net.metaquotes.wine.metatrader5\drive_c\Program Files\MetaTrader 5\MQL5\Experts\Advisors\Bot\BiasBot.mq5 : information: compiling 'BiasBot.mq5'
Z:\Users\vmaxthunder\Library\Application Support\net.metaquotes.wine.metatrader5\drive_c\Program Files\MetaTrader 5\MQL5\Experts\Advisors\Bot\BiasBot.mq5 : information: including Z:\Users\vmaxthunder\Library\Application Support\net.metaquotes.wine.metatrader5\drive_c\Program Files\MetaTrader 5\MQL5\Experts\Advisors\Bot\utils\Include.mqh
Z:\Users\vmaxthunder\Library\Application Support\net.metaquotes.wine.metatrader5\drive_c\Program Files\MetaTrader 5\MQL5\Experts\Advisors\Bot\utils\Include.mqh : information: including Z:\Users\vmaxthunder\Library\Application Support\net.metaquotes.wine.metatrader5\drive_c\Program Files\MetaTrader 5\MQL5\Include\Trade\Trade.mqh
Z:\Users\vmaxthunder\Library\Application Support\net.metaquotes.wine.metatrader5\drive_c\Program Files\MetaTrader 5\MQL5\Include\Trade\Trade.mqh : information: including Z:\Users\vmaxthunder\Library\Application Support\net.metaquotes.wine.metatrader5\drive_c\Program Files\MetaTrader 5\MQL5\Include\Object.mqh
Z:\Users\vmaxthunder\Library\Application Support\net.metaquotes.wine.metatrader5\drive_c\Program Files\MetaTrader 5\MQL5\Include\Object.mqh : information: including Z:\Users\vmaxthunder\Library\Application Support\net.metaquotes.wine.metatrader5\drive_c\Program Files\MetaTrader 5\MQL5\Include\StdLibErr.mqh
Z:\Users\vmaxthunder\Library\Application Support\net.metaquotes.wine.metatrader5\drive_c\Program Files\MetaTrader 5\MQL5\Include\Trade\Trade.mqh : information: including Z:\Users\vmaxthunder\Library\Application Support\net.metaquotes.wine.metatrader5\drive_c\Program Files\MetaTrader 5\MQL5\Include\Trade\OrderInfo.mqh
Z:\Users\vmaxthunder\Library\Application Support\net.metaquotes.wine.metatrader5\drive_c\Program Files\MetaTrader 5\MQL5\Include\Trade\Trade.mqh : information: including Z:\Users\vmaxthunder\Library\Application Support\net.metaquotes.wine.metatrader5\drive_c\Program Files\MetaTrader 5\MQL5\Include\Trade\HistoryOrderInfo.mqh
Z:\Users\vmaxthunder\Library\Application Support\net.metaquotes.wine.metatrader5\drive_c\Program Files\MetaTrader 5\MQL5\Include\Trade\Trade.mqh : information: including Z:\Users\vmaxthunder\Library\Application Support\net.metaquotes.wine.metatrader5\drive_c\Program Files\MetaTrader 5\MQL5\Include\Trade\PositionInfo.mqh
Z:\Users\vmaxthunder\Library\Application Support\net.metaquotes.wine.metatrader5\drive_c\Program Files\MetaTrader 5\MQL5\Include\Trade\Trade.mqh : information: including Z:\Users\vmaxthunder\Library\Application Support\net.metaquotes.wine.metatrader5\drive_c\Program Files\MetaTrader 5\MQL5\Include\Trade\DealInfo.mqh
Z:\Users\vmaxthunder\Library\Application Support\net.metaquotes.wine.metatrader5\drive_c\Program Files\MetaTrader 5\MQL5\Experts\Advisors\Bot\utils\Include.mqh : information: including Z:\Users\vmaxthunder\Library\Application Support\net.metaquotes.wine.metatrader5\drive_c\Program Files\MetaTrader 5\MQL5\Include\Arrays\ArrayObj.mqh
Z:\Users\vmaxthunder\Library\Application Support\net.metaquotes.wine.metatrader5\drive_c\Program Files\MetaTrader 5\MQL5\Include\Arrays\ArrayObj.mqh : information: including Z:\Users\vmaxthunder\Library\Application Support\net.metaquotes.wine.metatrader5\drive_c\Program Files\MetaTrader 5\MQL5\Include\Arrays\Array.mqh
Z:\Users\vmaxthunder\Library\Application Support\net.metaquotes.wine.metatrader5\drive_c\Program Files\MetaTrader 5\MQL5\Experts\Advisors\Bot\utils\Include.mqh : information: including Z:\Users\vmaxthunder\Library\Application Support\net.metaquotes.wine.metatrader5\drive_c\Program Files\MetaTrader 5\MQL5\Experts\Advisors\Bot\common\Globals.mqh
Z:\Users\vmaxthunder\Library\Application Support\net.metaquotes.wine.metatrader5\drive_c\Program Files\MetaTrader 5\MQL5\Experts\Advisors\Bot\utils\Include.mqh : information: including Z:\Users\vmaxthunder\Library\Application Support\net.metaquotes.wine.metatrader5\drive_c\Program Files\MetaTrader 5\MQL5\Experts\Advisors\Bot\data\MarketDataService.mqh
Z:\Users\vmaxthunder\Library\Application Support\net.metaquotes.wine.metatrader5\drive_c\Program Files\MetaTrader 5\MQL5\Experts\Advisors\Bot\utils\Include.mqh : information: including Z:\Users\vmaxthunder\Library\Application Support\net.metaquotes.wine.metatrader5\drive_c\Program Files\MetaTrader 5\MQL5\Experts\Advisors\Bot\logic\DetectBIAS.mqh
Z:\Users\vmaxthunder\Library\Application Support\net.metaquotes.wine.metatrader5\drive_c\Program Files\MetaTrader 5\MQL5\Experts\Advisors\Bot\logic\DetectBIAS.mqh : information: including Z:\Users\vmaxthunder\Library\Application Support\net.metaquotes.wine.metatrader5\drive_c\Program Files\MetaTrader 5\MQL5\Experts\Advisors\Bot\logic\CoreLogicBIAS.mqh
Z:\Users\vmaxthunder\Library\Application Support\net.metaquotes.wine.metatrader5\drive_c\Program Files\MetaTrader 5\MQL5\Experts\Advisors\Bot\logic\CoreLogicBIAS.mqh : information: including Z:\Users\vmaxthunder\Library\Application Support\net.metaquotes.wine.metatrader5\drive_c\Program Files\MetaTrader 5\MQL5\Include\Trade\SymbolInfo.mqh
Z:\Users\vmaxthunder\Library\Application Support\net.metaquotes.wine.metatrader5\drive_c\Program Files\MetaTrader 5\MQL5\Experts\Advisors\Bot\logic\DetectBIAS.mqh(11,10) : error 30: macro 'EVAL_SHIFT' redefinition
Z:\Users\vmaxthunder\Library\Application Support\net.metaquotes.wine.metatrader5\drive_c\Program Files\MetaTrader 5\MQL5\Experts\Advisors\Bot\logic\CoreLogicBIAS.mqh : information: info    see previous declaration of macro 'EVAL_SHIFT'
Z:\Users\vmaxthunder\Library\Application Support\net.metaquotes.wine.metatrader5\drive_c\Program Files\MetaTrader 5\MQL5\Experts\Advisors\Bot\utils\Include.mqh : information: including Z:\Users\vmaxthunder\Library\Application Support\net.metaquotes.wine.metatrader5\drive_c\Program Files\MetaTrader 5\MQL5\Experts\Advisors\Bot\logic\SignalService.mqh
Z:\Users\vmaxthunder\Library\Application Support\net.metaquotes.wine.metatrader5\drive_c\Program Files\MetaTrader 5\MQL5\Experts\Advisors\Bot\utils\Include.mqh : information: including Z:\Users\vmaxthunder\Library\Application Support\net.metaquotes.wine.metatrader5\drive_c\Program Files\MetaTrader 5\MQL5\Experts\Advisors\Bot\logic\TicketService.mqh
Z:\Users\vmaxthunder\Library\Application Support\net.metaquotes.wine.metatrader5\drive_c\Program Files\MetaTrader 5\MQL5\Experts\Advisors\Bot\utils\Include.mqh : information: including Z:\Users\vmaxthunder\Library\Application Support\net.metaquotes.wine.metatrader5\drive_c\Program Files\MetaTrader 5\MQL5\Experts\Advisors\Bot\logic\TradeService.mqh
Z:\Users\vmaxthunder\Library\Application Support\net.metaquotes.wine.metatrader5\drive_c\Program Files\MetaTrader 5\MQL5\Experts\Advisors\Bot\utils\Include.mqh : information: including Z:\Users\vmaxthunder\Library\Application Support\net.metaquotes.wine.metatrader5\drive_c\Program Files\MetaTrader 5\MQL5\Experts\Advisors\Bot\logic\Hedging\Hedging_Handle.mqh
Z:\Users\vmaxthunder\Library\Application Support\net.metaquotes.wine.metatrader5\drive_c\Program Files\MetaTrader 5\MQL5\Experts\Advisors\Bot\logic\Hedging\Hedging_Handle.mqh : information: including Z:\Users\vmaxthunder\Library\Application Support\net.metaquotes.wine.metatrader5\drive_c\Program Files\MetaTrader 5\MQL5\Experts\Advisors\Bot\logic\Hedging\Helper.mqh
Z:\Users\vmaxthunder\Library\Application Support\net.metaquotes.wine.metatrader5\drive_c\Program Files\MetaTrader 5\MQL5\Experts\Advisors\Bot\utils\Include.mqh : information: including Z:\Users\vmaxthunder\Library\Application Support\net.metaquotes.wine.metatrader5\drive_c\Program Files\MetaTrader 5\MQL5\Experts\Advisors\Bot\logic\DCA_Negative\DCA_Handle.mqh
Z:\Users\vmaxthunder\Library\Application Support\net.metaquotes.wine.metatrader5\drive_c\Program Files\MetaTrader 5\MQL5\Experts\Advisors\Bot\utils\Include.mqh : information: including Z:\Users\vmaxthunder\Library\Application Support\net.metaquotes.wine.metatrader5\drive_c\Program Files\MetaTrader 5\MQL5\Experts\Advisors\Bot\logic\DCA_Negative\DCA_Update.mqh
Z:\Users\vmaxthunder\Library\Application Support\net.metaquotes.wine.metatrader5\drive_c\Program Files\MetaTrader 5\MQL5\Experts\Advisors\Bot\utils\Include.mqh : information: including Z:\Users\vmaxthunder\Library\Application Support\net.metaquotes.wine.metatrader5\drive_c\Program Files\MetaTrader 5\MQL5\Experts\Advisors\Bot\logic\Hedging\Hedging_Hybrid_Dynamic.mqh
Z:\Users\vmaxthunder\Library\Application Support\net.metaquotes.wine.metatrader5\drive_c\Program Files\MetaTrader 5\MQL5\Experts\Advisors\Bot\logic\Hedging\Hedging_Hybrid_Dynamic.mqh(8,11) : error 106: file 'Z:\Users\vmaxthunder\Library\Application Support\net.metaquotes.wine.metatrader5\drive_c\Program Files\MetaTrader 5\MQL5\Experts\Advisors\Bot\logic\Hedging\HedgeHelpers.mqh' not found
Z:\Users\vmaxthunder\Library\Application Support\net.metaquotes.wine.metatrader5\drive_c\Program Files\MetaTrader 5\MQL5\Experts\Advisors\Bot\utils\Include.mqh : information: including Z:\Users\vmaxthunder\Library\Application Support\net.metaquotes.wine.metatrader5\drive_c\Program Files\MetaTrader 5\MQL5\Experts\Advisors\Bot\logic\Hedging\Helper_Hybrid.mqh
Z:\Users\vmaxthunder\Library\Application Support\net.metaquotes.wine.metatrader5\drive_c\Program Files\MetaTrader 5\MQL5\Experts\Advisors\Bot\utils\Include.mqh : information: including Z:\Users\vmaxthunder\Library\Application Support\net.metaquotes.wine.metatrader5\drive_c\Program Files\MetaTrader 5\MQL5\Experts\Advisors\Bot\logic\DCA_Positive\DCA_Handle.mqh
Z:\Users\vmaxthunder\Library\Application Support\net.metaquotes.wine.metatrader5\drive_c\Program Files\MetaTrader 5\MQL5\Experts\Advisors\Bot\utils\Include.mqh : information: including Z:\Users\vmaxthunder\Library\Application Support\net.metaquotes.wine.metatrader5\drive_c\Program Files\MetaTrader 5\MQL5\Experts\Advisors\Bot\logic\DCA_Positive\DCA_Update.mqh
Z:\Users\vmaxthunder\Library\Application Support\net.metaquotes.wine.metatrader5\drive_c\Program Files\MetaTrader 5\MQL5\Experts\Advisors\Bot\utils\Include.mqh : information: including Z:\Users\vmaxthunder\Library\Application Support\net.metaquotes.wine.metatrader5\drive_c\Program Files\MetaTrader 5\MQL5\Experts\Advisors\Bot\logic\DCA_Positive\DCA_Util.mqh
Z:\Users\vmaxthunder\Library\Application Support\net.metaquotes.wine.metatrader5\drive_c\Program Files\MetaTrader 5\MQL5\Experts\Advisors\Bot\utils\Include.mqh : information: including Z:\Users\vmaxthunder\Library\Application Support\net.metaquotes.wine.metatrader5\drive_c\Program Files\MetaTrader 5\MQL5\Experts\Advisors\Bot\logic\Frozen\Frozen_Handle.mqh
Z:\Users\vmaxthunder\Library\Application Support\net.metaquotes.wine.metatrader5\drive_c\Program Files\MetaTrader 5\MQL5\Experts\Advisors\Bot\utils\Include.mqh : information: including Z:\Users\vmaxthunder\Library\Application Support\net.metaquotes.wine.metatrader5\drive_c\Program Files\MetaTrader 5\MQL5\Experts\Advisors\Bot\utils\GetTotalProfitFrom.mqh
Z:\Users\vmaxthunder\Library\Application Support\net.metaquotes.wine.metatrader5\drive_c\Program Files\MetaTrader 5\MQL5\Experts\Advisors\Bot\utils\Include.mqh : information: including Z:\Users\vmaxthunder\Library\Application Support\net.metaquotes.wine.metatrader5\drive_c\Program Files\MetaTrader 5\MQL5\Experts\Advisors\Bot\utils\updateTicketInfo.mqh
Z:\Users\vmaxthunder\Library\Application Support\net.metaquotes.wine.metatrader5\drive_c\Program Files\MetaTrader 5\MQL5\Experts\Advisors\Bot\utils\Include.mqh : information: including Z:\Users\vmaxthunder\Library\Application Support\net.metaquotes.wine.metatrader5\drive_c\Program Files\MetaTrader 5\MQL5\Experts\Advisors\Bot\utils\CalcTP.mqh
Z:\Users\vmaxthunder\Library\Application Support\net.metaquotes.wine.metatrader5\drive_c\Program Files\MetaTrader 5\MQL5\Experts\Advisors\Bot\logic\Hedging\Hedging_Hybrid_Dynamic.mqh(78,36) : error 294: 'listState' - arrays are passed by reference only
Z:\Users\vmaxthunder\Library\Application Support\net.metaquotes.wine.metatrader5\drive_c\Program Files\MetaTrader 5\MQL5\Experts\Advisors\Bot\logic\Hedging\Hedging_Hybrid_Dynamic.mqh(79,51) : error 293: 'HybridCfg' - objects are passed by reference only
Z:\Users\vmaxthunder\Library\Application Support\net.metaquotes.wine.metatrader5\drive_c\Program Files\MetaTrader 5\MQL5\Experts\Advisors\Bot\logic\Hedging\Helper_Hybrid.mqh(27,8) : error 165: 'SymbolMinLot' - function already defined and has body
Z:\Users\vmaxthunder\Library\Application Support\net.metaquotes.wine.metatrader5\drive_c\Program Files\MetaTrader 5\MQL5\Experts\Advisors\Bot\logic\Hedging\Helper.mqh : information: info    see declaration of function 'SymbolMinLot'
Z:\Users\vmaxthunder\Library\Application Support\net.metaquotes.wine.metatrader5\drive_c\Program Files\MetaTrader 5\MQL5\Experts\Advisors\Bot\logic\Hedging\Helper_Hybrid.mqh(28,8) : error 165: 'SymbolLotStep' - function already defined and has body
Z:\Users\vmaxthunder\Library\Application Support\net.metaquotes.wine.metatrader5\drive_c\Program Files\MetaTrader 5\MQL5\Experts\Advisors\Bot\logic\Hedging\Helper.mqh : information: info    see declaration of function 'SymbolLotStep'
Z:\Users\vmaxthunder\Library\Application Support\net.metaquotes.wine.metatrader5\drive_c\Program Files\MetaTrader 5\MQL5\Experts\Advisors\Bot\logic\Hedging\Helper_Hybrid.mqh(29,8) : error 165: 'SymbolMaxLot' - function already defined and has body
Z:\Users\vmaxthunder\Library\Application Support\net.metaquotes.wine.metatrader5\drive_c\Program Files\MetaTrader 5\MQL5\Experts\Advisors\Bot\logic\Hedging\Helper.mqh : information: info    see declaration of function 'SymbolMaxLot'
Z:\Users\vmaxthunder\Library\Application Support\net.metaquotes.wine.metatrader5\drive_c\Program Files\MetaTrader 5\MQL5\Experts\Advisors\Bot\logic\Hedging\Helper_Hybrid.mqh(32,8) : error 165: 'ClampLot' - function already defined and has body
Z:\Users\vmaxthunder\Library\Application Support\net.metaquotes.wine.metatrader5\drive_c\Program Files\MetaTrader 5\MQL5\Experts\Advisors\Bot\logic\Hedging\Helper.mqh : information: info    see declaration of function 'ClampLot'
Z:\Users\vmaxthunder\Library\Application Support\net.metaquotes.wine.metatrader5\drive_c\Program Files\MetaTrader 5\MQL5\Experts\Advisors\Bot\logic\Hedging\Helper_Hybrid.mqh(41,8) : error 165: 'Nd' - function already defined and has body
Z:\Users\vmaxthunder\Library\Application Support\net.metaquotes.wine.metatrader5\drive_c\Program Files\MetaTrader 5\MQL5\Experts\Advisors\Bot\logic\Hedging\Helper.mqh : information: info    see declaration of function 'Nd'
Z:\Users\vmaxthunder\Library\Application Support\net.metaquotes.wine.metatrader5\drive_c\Program Files\MetaTrader 5\MQL5\Experts\Advisors\Bot\logic\Hedging\Helper_Hybrid.mqh(139,48) : error 294: 'listState' - arrays are passed by reference only
Z:\Users\vmaxthunder\Library\Application Support\net.metaquotes.wine.metatrader5\drive_c\Program Files\MetaTrader 5\MQL5\Experts\Advisors\Bot\logic\Hedging\Helper_Hybrid.mqh(149,40) : error 294: 'listState' - arrays are passed by reference only
Z:\Users\vmaxthunder\Library\Application Support\net.metaquotes.wine.metatrader5\drive_c\Program Files\MetaTrader 5\MQL5\Experts\Advisors\Bot\logic\Hedging\Hedging_Hybrid_Dynamic.mqh(82,10) : error 62: declaration of 'trade' hides global variable
Z:\Users\vmaxthunder\Library\Application Support\net.metaquotes.wine.metatrader5\drive_c\Program Files\MetaTrader 5\MQL5\Experts\Advisors\Bot\utils\Include.mqh : information: info    see previous declaration of 'trade'
Z:\Users\vmaxthunder\Library\Application Support\net.metaquotes.wine.metatrader5\drive_c\Program Files\MetaTrader 5\MQL5\Experts\Advisors\Bot\logic\Hedging\Hedging_Hybrid_Dynamic.mqh(101,62) : error 262: 'ACCOUNT_MARGIN_LEVEL' - cannot convert enum
Z:\Users\vmaxthunder\Library\Application Support\net.metaquotes.wine.metatrader5\drive_c\Program Files\MetaTrader 5\MQL5\Experts\Advisors\Bot\logic\Hedging\Hedging_Hybrid_Dynamic.mqh : information: info    built-in: long AccountInfoInteger(ENUM_ACCOUNT_INFO_INTEGER)
Z:\Users\vmaxthunder\Library\Application Support\net.metaquotes.wine.metatrader5\drive_c\Program Files\MetaTrader 5\MQL5\Experts\Advisors\Bot\logic\Hedging\Hedging_Hybrid_Dynamic.mqh(199,3) : error 256: 'auto' - undeclared identifier
Z:\Users\vmaxthunder\Library\Application Support\net.metaquotes.wine.metatrader5\drive_c\Program Files\MetaTrader 5\MQL5\Experts\Advisors\Bot\logic\Hedging\Hedging_Hybrid_Dynamic.mqh(199,8) : error 256: 'TargetMoney' - undeclared identifier
Z:\Users\vmaxthunder\Library\Application Support\net.metaquotes.wine.metatrader5\drive_c\Program Files\MetaTrader 5\MQL5\Experts\Advisors\Bot\logic\Hedging\Hedging_Hybrid_Dynamic.mqh(199,8) : error 152: 'TargetMoney' - some operator expected
Z:\Users\vmaxthunder\Library\Application Support\net.metaquotes.wine.metatrader5\drive_c\Program Files\MetaTrader 5\MQL5\Experts\Advisors\Bot\logic\Hedging\Hedging_Hybrid_Dynamic.mqh(199,22) : error 241: '[' - array required
Z:\Users\vmaxthunder\Library\Application Support\net.metaquotes.wine.metatrader5\drive_c\Program Files\MetaTrader 5\MQL5\Experts\Advisors\Bot\logic\Hedging\Hedging_Hybrid_Dynamic.mqh(199,33) : error 149: 'cents' - unexpected token
Z:\Users\vmaxthunder\Library\Application Support\net.metaquotes.wine.metatrader5\drive_c\Program Files\MetaTrader 5\MQL5\Experts\Advisors\Bot\logic\Hedging\Hedging_Hybrid_Dynamic.mqh(199,38) : error 149: ',' - unexpected token
Z:\Users\vmaxthunder\Library\Application Support\net.metaquotes.wine.metatrader5\drive_c\Program Files\MetaTrader 5\MQL5\Experts\Advisors\Bot\logic\Hedging\Hedging_Hybrid_Dynamic.mqh(199,47) : error 149: 'lots' - unexpected token
Z:\Users\vmaxthunder\Library\Application Support\net.metaquotes.wine.metatrader5\drive_c\Program Files\MetaTrader 5\MQL5\Experts\Advisors\Bot\logic\Hedging\Hedging_Hybrid_Dynamic.mqh(199,51) : error 149: ')' - unexpected token
Z:\Users\vmaxthunder\Library\Application Support\net.metaquotes.wine.metatrader5\drive_c\Program Files\MetaTrader 5\MQL5\Experts\Advisors\Bot\logic\Hedging\Hedging_Hybrid_Dynamic.mqh(199,61) : error 149: 'v' - unexpected token
Z:\Users\vmaxthunder\Library\Application Support\net.metaquotes.wine.metatrader5\drive_c\Program Files\MetaTrader 5\MQL5\Experts\Advisors\Bot\logic\Hedging\Hedging_Hybrid_Dynamic.mqh(199,63) : error 149: '=' - unexpected token
Z:\Users\vmaxthunder\Library\Application Support\net.metaquotes.wine.metatrader5\drive_c\Program Files\MetaTrader 5\MQL5\Experts\Advisors\Bot\logic\Hedging\Hedging_Hybrid_Dynamic.mqh(199,93) : error 256: 'cents' - undeclared identifier
Z:\Users\vmaxthunder\Library\Application Support\net.metaquotes.wine.metatrader5\drive_c\Program Files\MetaTrader 5\MQL5\Experts\Advisors\Bot\logic\Hedging\Hedging_Hybrid_Dynamic.mqh(199,100) : error 256: 'lots' - undeclared identifier
Z:\Users\vmaxthunder\Library\Application Support\net.metaquotes.wine.metatrader5\drive_c\Program Files\MetaTrader 5\MQL5\Experts\Advisors\Bot\logic\Hedging\Hedging_Hybrid_Dynamic.mqh(199,121) : error 256: 'cents' - undeclared identifier
Z:\Users\vmaxthunder\Library\Application Support\net.metaquotes.wine.metatrader5\drive_c\Program Files\MetaTrader 5\MQL5\Experts\Advisors\Bot\logic\Hedging\Hedging_Hybrid_Dynamic.mqh(199,133) : error 149: ';' - unexpected token
Z:\Users\vmaxthunder\Library\Application Support\net.metaquotes.wine.metatrader5\drive_c\Program Files\MetaTrader 5\MQL5\Experts\Advisors\Bot\logic\Hedging\Hedging_Hybrid_Dynamic.mqh(199,135) : error 154: 'return' - semicolon expected
Z:\Users\vmaxthunder\Library\Application Support\net.metaquotes.wine.metatrader5\drive_c\Program Files\MetaTrader 5\MQL5\Experts\Advisors\Bot\logic\Hedging\Hedging_Hybrid_Dynamic.mqh(199,52) : error 152: '{' - some operator expected
Z:\Users\vmaxthunder\Library\Application Support\net.metaquotes.wine.metatrader5\drive_c\Program Files\MetaTrader 5\MQL5\Experts\Advisors\Bot\logic\Hedging\Hedging_Hybrid_Dynamic.mqh(199,150) : error 256: 'v' - undeclared identifier
Z:\Users\vmaxthunder\Library\Application Support\net.metaquotes.wine.metatrader5\drive_c\Program Files\MetaTrader 5\MQL5\Experts\Advisors\Bot\logic\Hedging\Hedging_Hybrid_Dynamic.mqh(199,135) : error 167: 'return' - 'void' function returns a value
Z:\Users\vmaxthunder\Library\Application Support\net.metaquotes.wine.metatrader5\drive_c\Program Files\MetaTrader 5\MQL5\Experts\Advisors\Bot\logic\Hedging\Helper_Hybrid.mqh(166,9) : error 256: 'PositionSelectByIndex' - undeclared identifier
Z:\Users\vmaxthunder\Library\Application Support\net.metaquotes.wine.metatrader5\drive_c\Program Files\MetaTrader 5\MQL5\Experts\Advisors\Bot\logic\Hedging\Helper_Hybrid.mqh(166,31) : error 152: 'i' - some operator expected
Z:\Users\vmaxthunder\Library\Application Support\net.metaquotes.wine.metatrader5\drive_c\Program Files\MetaTrader 5\MQL5\Experts\Advisors\Bot\logic\Hedging\Helper_Hybrid.mqh(211,9) : error 256: 'PositionSelectByIndex' - undeclared identifier
Z:\Users\vmaxthunder\Library\Application Support\net.metaquotes.wine.metatrader5\drive_c\Program Files\MetaTrader 5\MQL5\Experts\Advisors\Bot\logic\Hedging\Helper_Hybrid.mqh(211,31) : error 152: 'i' - some operator expected
Z:\Users\vmaxthunder\Library\Application Support\net.metaquotes.wine.metatrader5\drive_c\Program Files\MetaTrader 5\MQL5\Experts\Advisors\Bot\logic\Hedging\Helper_Hybrid.mqh(225,9) : error 256: 'PositionSelectByIndex' - undeclared identifier
Z:\Users\vmaxthunder\Library\Application Support\net.metaquotes.wine.metatrader5\drive_c\Program Files\MetaTrader 5\MQL5\Experts\Advisors\Bot\logic\Hedging\Helper_Hybrid.mqh(225,31) : error 152: 'i' - some operator expected
Z:\Users\vmaxthunder\Library\Application Support\net.metaquotes.wine.metatrader5\drive_c\Program Files\MetaTrader 5\MQL5\Experts\Advisors\Bot\logic\Hedging\Helper_Hybrid.mqh(244,31) : error 62: declaration of 'trade' hides global variable
Z:\Users\vmaxthunder\Library\Application Support\net.metaquotes.wine.metatrader5\drive_c\Program Files\MetaTrader 5\MQL5\Experts\Advisors\Bot\utils\Include.mqh : information: info    see previous declaration of 'trade'
Z:\Users\vmaxthunder\Library\Application Support\net.metaquotes.wine.metatrader5\drive_c\Program Files\MetaTrader 5\MQL5\Experts\Advisors\Bot\logic\Hedging\Helper_Hybrid.mqh(247,9) : error 256: 'PositionSelectByIndex' - undeclared identifier
Z:\Users\vmaxthunder\Library\Application Support\net.metaquotes.wine.metatrader5\drive_c\Program Files\MetaTrader 5\MQL5\Experts\Advisors\Bot\logic\Hedging\Helper_Hybrid.mqh(247,31) : error 152: 'i' - some operator expected
Z:\Users\vmaxthunder\Library\Application Support\net.metaquotes.wine.metatrader5\drive_c\Program Files\MetaTrader 5\MQL5\Experts\Advisors\Bot\logic\Hedging\Helper_Hybrid.mqh(253,31) : error 43: possible loss of data due to type conversion from 'double' to 'ulong'
Z:\Users\vmaxthunder\Library\Application Support\net.metaquotes.wine.metatrader5\drive_c\Program Files\MetaTrader 5\MQL5\Experts\Advisors\Bot\logic\Hedging\Helper_Hybrid.mqh(260,34) : error 62: declaration of 'trade' hides global variable
Z:\Users\vmaxthunder\Library\Application Support\net.metaquotes.wine.metatrader5\drive_c\Program Files\MetaTrader 5\MQL5\Experts\Advisors\Bot\utils\Include.mqh : information: info    see previous declaration of 'trade'
Z:\Users\vmaxthunder\Library\Application Support\net.metaquotes.wine.metatrader5\drive_c\Program Files\MetaTrader 5\MQL5\Experts\Advisors\Bot\logic\Hedging\Helper_Hybrid.mqh(277,33) : error 62: declaration of 'trade' hides global variable
Z:\Users\vmaxthunder\Library\Application Support\net.metaquotes.wine.metatrader5\drive_c\Program Files\MetaTrader 5\MQL5\Experts\Advisors\Bot\utils\Include.mqh : information: info    see previous declaration of 'trade'
Z:\Users\vmaxthunder\Library\Application Support\net.metaquotes.wine.metatrader5\drive_c\Program Files\MetaTrader 5\MQL5\Experts\Advisors\Bot\logic\Hedging\Helper_Hybrid.mqh(319,24) : error 256: 'SELECT_BY_INDEX' - undeclared identifier
Z:\Users\vmaxthunder\Library\Application Support\net.metaquotes.wine.metatrader5\drive_c\Program Files\MetaTrader 5\MQL5\Experts\Advisors\Bot\logic\Hedging\Helper_Hybrid.mqh(319,9) : error 199: 'OrderSelect' - wrong parameters count
Z:\Users\vmaxthunder\Library\Application Support\net.metaquotes.wine.metatrader5\drive_c\Program Files\MetaTrader 5\MQL5\Experts\Advisors\Bot\logic\Hedging\Helper_Hybrid.mqh : information: info    built-in: bool OrderSelect(ulong)
Z:\Users\vmaxthunder\Library\Application Support\net.metaquotes.wine.metatrader5\drive_c\Program Files\MetaTrader 5\MQL5\Experts\Advisors\Bot\logic\Hedging\Helper_Hybrid.mqh(330,24) : error 256: 'SELECT_BY_INDEX' - undeclared identifier
Z:\Users\vmaxthunder\Library\Application Support\net.metaquotes.wine.metatrader5\drive_c\Program Files\MetaTrader 5\MQL5\Experts\Advisors\Bot\logic\Hedging\Helper_Hybrid.mqh(330,9) : error 199: 'OrderSelect' - wrong parameters count
Z:\Users\vmaxthunder\Library\Application Support\net.metaquotes.wine.metatrader5\drive_c\Program Files\MetaTrader 5\MQL5\Experts\Advisors\Bot\logic\Hedging\Helper_Hybrid.mqh : information: info    built-in: bool OrderSelect(ulong)
Z:\Users\vmaxthunder\Library\Application Support\net.metaquotes.wine.metatrader5\drive_c\Program Files\MetaTrader 5\MQL5\Experts\Advisors\Bot\logic\Hedging\Helper_Hybrid.mqh(343,24) : error 256: 'SELECT_BY_INDEX' - undeclared identifier
Z:\Users\vmaxthunder\Library\Application Support\net.metaquotes.wine.metatrader5\drive_c\Program Files\MetaTrader 5\MQL5\Experts\Advisors\Bot\logic\Hedging\Helper_Hybrid.mqh(343,9) : error 199: 'OrderSelect' - wrong parameters count
Z:\Users\vmaxthunder\Library\Application Support\net.metaquotes.wine.metatrader5\drive_c\Program Files\MetaTrader 5\MQL5\Experts\Advisors\Bot\logic\Hedging\Helper_Hybrid.mqh : information: info    built-in: bool OrderSelect(ulong)
Z:\Users\vmaxthunder\Library\Application Support\net.metaquotes.wine.metatrader5\drive_c\Program Files\MetaTrader 5\MQL5\Experts\Advisors\Bot\logic\Hedging\Helper_Hybrid.mqh(351,43) : error 62: declaration of 'trade' hides global variable
Z:\Users\vmaxthunder\Library\Application Support\net.metaquotes.wine.metatrader5\drive_c\Program Files\MetaTrader 5\MQL5\Experts\Advisors\Bot\utils\Include.mqh : information: info    see previous declaration of 'trade'
Z:\Users\vmaxthunder\Library\Application Support\net.metaquotes.wine.metatrader5\drive_c\Program Files\MetaTrader 5\MQL5\Experts\Advisors\Bot\logic\Hedging\Helper_Hybrid.mqh(354,24) : error 256: 'SELECT_BY_INDEX' - undeclared identifier
Z:\Users\vmaxthunder\Library\Application Support\net.metaquotes.wine.metatrader5\drive_c\Program Files\MetaTrader 5\MQL5\Experts\Advisors\Bot\logic\Hedging\Helper_Hybrid.mqh(354,9) : error 199: 'OrderSelect' - wrong parameters count
Z:\Users\vmaxthunder\Library\Application Support\net.metaquotes.wine.metatrader5\drive_c\Program Files\MetaTrader 5\MQL5\Experts\Advisors\Bot\logic\Hedging\Helper_Hybrid.mqh : information: info    built-in: bool OrderSelect(ulong)
Z:\Users\vmaxthunder\Library\Application Support\net.metaquotes.wine.metatrader5\drive_c\Program Files\MetaTrader 5\MQL5\Experts\Advisors\Bot\logic\Hedging\Helper_Hybrid.mqh(384,9) : error 256: 'PositionSelectByIndex' - undeclared identifier
Z:\Users\vmaxthunder\Library\Application Support\net.metaquotes.wine.metatrader5\drive_c\Program Files\MetaTrader 5\MQL5\Experts\Advisors\Bot\logic\Hedging\Helper_Hybrid.mqh(384,31) : error 152: 'i' - some operator expected
Z:\Users\vmaxthunder\Library\Application Support\net.metaquotes.wine.metatrader5\drive_c\Program Files\MetaTrader 5\MQL5\Experts\Advisors\Bot\logic\Hedging\Helper_Hybrid.mqh(391,24) : error 256: 'SELECT_BY_INDEX' - undeclared identifier
Z:\Users\vmaxthunder\Library\Application Support\net.metaquotes.wine.metatrader5\drive_c\Program Files\MetaTrader 5\MQL5\Experts\Advisors\Bot\logic\Hedging\Helper_Hybrid.mqh(391,9) : error 199: 'OrderSelect' - wrong parameters count
Z:\Users\vmaxthunder\Library\Application Support\net.metaquotes.wine.metatrader5\drive_c\Program Files\MetaTrader 5\MQL5\Experts\Advisors\Bot\logic\Hedging\Helper_Hybrid.mqh : information: info    built-in: bool OrderSelect(ulong)
Result: 56 errors, 0 warnings
